<?xml version="1.0" encoding="UTF-8"?>
<!-- Generated by org.testng.reporters.JUnitXMLReporter -->
<testsuite hostname="SUSLAP-2017-213" ignored="0" name="Default test" tests="3" failures="0" timestamp="14 Feb 2018 18:02:11 GMT" time="6.419" errors="0">
  <testcase name="GetWeatherDetails" time="3.391" classname="com.smartusys.apitest.SimpleGetTest"/>
  <testcase name="GetWeatherDetailsInvalidCity" time="1.812" classname="com.smartusys.apitest.SimpleGetTest"/>
  <testcase name="GetWeatherStatusLine" time="1.164" classname="com.smartusys.apitest.SimpleGetTest"/>
</testsuite> <!-- Default test -->
