<?xml version="1.0" encoding="UTF-8"?>
<!-- Generated by org.testng.reporters.JUnitXMLReporter -->
<testsuite hostname="SUSLAP-2017-213" ignored="0" name="Test" tests="6" failures="0" timestamp="23 Jun 2017 11:57:32 GMT" time="10.775" errors="0">
  <testcase name="getRequestFindCapital" time="4.881" classname="RestAPITest.RestTest"/>
  <testcase name="makeSureThatGoogleIsUp" time="0.729" classname="RestAPITest.RestTest"/>
  <testcase name="test_Md5CheckSumForTest_ShouldBe098f6bcd4621d373cade4e832627b4f6" time="2.071" classname="RestAPITest.RestTest"/>
  <testcase name="test_NumberOfCircuitsFor2017Season_ShouldBe20" time="2.075" classname="RestAPITest.RestTest"/>
  <testcase name="test_NumberOfCircuits_ShouldBe20_Parameterized" time="0.406" classname="RestAPITest.RestTest"/>
  <testcase name="test_ResponseHeaderData_ShouldBeCorrect" time="0.548" classname="RestAPITest.RestTest"/>
</testsuite> <!-- Test -->
