<?xml version="1.0" encoding="UTF-8"?>
<testng-results skipped="0" failed="0" ignored="0" total="3" passed="3">
  <reporter-output>
  </reporter-output>
  <suite name="Default suite" duration-ms="6419" started-at="2018-02-14T18:02:05Z" finished-at="2018-02-14T18:02:11Z">
    <groups>
    </groups>
    <test name="Default test" duration-ms="6419" started-at="2018-02-14T18:02:05Z" finished-at="2018-02-14T18:02:11Z">
      <class name="com.smartusys.apitest.SimpleGetTest">
        <test-method status="PASS" signature="GetWeatherDetails()[pri:0, instance:com.smartusys.apitest.SimpleGetTest@10bdf5e5]" name="GetWeatherDetails" duration-ms="3391" started-at="2018-02-14T23:32:05Z" finished-at="2018-02-14T23:32:08Z">
          <reporter-output>
          </reporter-output>
        </test-method> <!-- GetWeatherDetails -->
        <test-method status="PASS" signature="GetWeatherDetailsInvalidCity()[pri:0, instance:com.smartusys.apitest.SimpleGetTest@10bdf5e5]" name="GetWeatherDetailsInvalidCity" duration-ms="1812" started-at="2018-02-14T23:32:08Z" finished-at="2018-02-14T23:32:10Z">
          <reporter-output>
          </reporter-output>
        </test-method> <!-- GetWeatherDetailsInvalidCity -->
        <test-method status="PASS" signature="GetWeatherStatusLine()[pri:0, instance:com.smartusys.apitest.SimpleGetTest@10bdf5e5]" name="GetWeatherStatusLine" duration-ms="1164" started-at="2018-02-14T23:32:10Z" finished-at="2018-02-14T23:32:11Z">
          <reporter-output>
          </reporter-output>
        </test-method> <!-- GetWeatherStatusLine -->
      </class> <!-- com.smartusys.apitest.SimpleGetTest -->
    </test> <!-- Default test -->
  </suite> <!-- Default suite -->
</testng-results>
